<?xml version="1.0" encoding="UTF-8"?>
<!-- Generated by org.testng.reporters.JUnitReportReporter -->
<testsuite hostname="DESKTOP-OSVRB79" failures="0" tests="1" name="coverFox_Test.Validate_result_for_healthCare2_using_propertyfile" time="37.154" errors="0" timestamp="2024-01-16T22:58:51 IST" skipped="0">
  <testcase classname="coverFox_Test.Validate_result_for_healthCare2_using_propertyfile" name="validateResultFromTextAndBanner" time="37.154">
    <system-out>
      <![CDATA[fetching result from text
fetching result from banner
TC is passed]]>
    </system-out>
  </testcase> <!-- validateResultFromTextAndBanner -->
  <system-out>
    <![CDATA[browser is launching
clicking on female button
clicking on next button
selecting age from dropDown
clicking on next button
entering zipcode
entering mobNum
clicking on continue button
fetching result from text
fetching result from banner
TC is passed
closing browser]]>
  </system-out>
</testsuite> <!-- coverFox_Test.Validate_result_for_healthCare2_using_propertyfile -->
