<?xml version="1.0" encoding="UTF-8"?>
<!-- Generated by org.testng.reporters.JUnitReportReporter -->
<testsuite hostname="DESKTOP-OSVRB79" failures="0" tests="1" name="coverFox_Test.Validate_result_for_healthCare" time="40.703" errors="0" timestamp="2024-01-11T13:57:26 IST" skipped="0">
  <testcase classname="coverFox_Test.Validate_result_for_healthCare" name="validateResultFromTextAndBanner" time="40.703">
    <system-out>
      <![CDATA[fetching result from text
fetching result from banner
TC is passed
taking ss
saving ss atC:\Users\Dell\Desktop\velocity\ss_coverfox_TC_555_1970.01.01.05.30.00.png]]>
    </system-out>
  </testcase> <!-- validateResultFromTextAndBanner -->
  <system-out>
    <![CDATA[browser is launching
clicking on female button
clicking on next button
selecting age from dropDown
reading data from excel
clicking on next button
entering zipcode
reading data from excel
entering mobNum
reading data from excel
clicking on continue button
fetching result from text
fetching result from banner
TC is passed
taking ss
saving ss atC:\Users\Dell\Desktop\velocity\ss_coverfox_TC_555_1970.01.01.05.30.00.png
closing browser
browser is launching
selecting gender
clicking on next button
selecting age from dropdown
reading data from excel
click on next button
entering zipcode
reading data from excel
entering mobNumber
reading data from excel
clicking on continue button
displaying error msg
closing browser]]>
  </system-out>
</testsuite> <!-- coverFox_Test.Validate_result_for_healthCare -->
