<?xml version="1.0" encoding="UTF-8"?>
<!-- Generated by org.testng.reporters.JUnitReportReporter -->
<testsuite hostname="DESKTOP-OSVRB79" failures="0" tests="1" name="coverFox_Test.Validate_result_for_healthCare2withLog4j" time="40.396" errors="0" timestamp="2024-01-12T13:19:39 IST" skipped="0">
  <testcase classname="coverFox_Test.Validate_result_for_healthCare2withLog4j" name="validateResultFromTextAndBanner" time="40.396">
    <system-out>
      <![CDATA[taking ss
saving ss atC:\Users\Dell\Desktop\velocity\ss_coverfox_TC_555_1970.01.01.05.30.00.png]]>
    </system-out>
  </testcase> <!-- validateResultFromTextAndBanner -->
  <system-out>
    <![CDATA[browser is launching
reading data from excel
reading data from excel
reading data from excel
taking ss
saving ss atC:\Users\Dell\Desktop\velocity\ss_coverfox_TC_555_1970.01.01.05.30.00.png]]>
  </system-out>
</testsuite> <!-- coverFox_Test.Validate_result_for_healthCare2withLog4j -->
